<?xml version="1.0" encoding="UTF-8" ?>
<testsuite errors="1" failures="0" hostname="PatrickGraziosi" name="target.test-classes.UITestBase" skipped="0" tests="1" time="0.0" timestamp="2016-05-01T02:54:10">
  <properties>
[...]
</properties>
  <error message="target.test-classes.UITestBase" type="java.lang.ClassNotFoundException">java.lang.ClassNotFoundException: target.test-classes.UITestBase
	at java.net.URLClassLoader.findClass(Unknown Source)
	at java.lang.ClassLoader.loadClass(Unknown Source)
	at sun.misc.Launcher$AppClassLoader.loadClass(Unknown Source)
	at java.lang.ClassLoader.loadClass(Unknown Source)
	at java.lang.Class.forName0(Native Method)
	at java.lang.Class.forName(Unknown Source)
</error>
  <system-out><![CDATA[]]></system-out>
  <system-err><![CDATA[]]></system-err>
</testsuite>
